<?xml version="1.0" encoding="UTF-8"?>
<testng-results skipped="0" failed="0" ignored="0" total="1" passed="1">
  <reporter-output>
  </reporter-output>
  <suite name="Default suite" duration-ms="7704" started-at="2022-02-03T11:09:11 IST" finished-at="2022-02-03T11:09:18 IST">
    <groups>
    </groups>
    <test name="Default test" duration-ms="7704" started-at="2022-02-03T11:09:11 IST" finished-at="2022-02-03T11:09:18 IST">
      <class name="basics.LaunchBrowser">
        <test-method status="PASS" signature="launchZomato()[pri:0, instance:basics.LaunchBrowser@a7e666]" name="launchZomato" duration-ms="7624" started-at="2022-02-03T11:09:11 IST" finished-at="2022-02-03T11:09:18 IST">
          <reporter-output>
          </reporter-output>
        </test-method> <!-- launchZomato -->
      </class> <!-- basics.LaunchBrowser -->
    </test> <!-- Default test -->
  </suite> <!-- Default suite -->
</testng-results>
